<?xml version="1.0" encoding="UTF-8"?>
<robot generator="Robot 6.0.2 (Python 3.9.13 on win32)" generated="20230206 19:10:56.020" rpa="false" schemaversion="3">
<suite id="s1" name="Office" source="C:\development\robot-scripts\scripting_challenge_test_suite\scripting_challenge_test_suite\Tests\office.robot">
<test id="s1-t1" name="&quot;Team&quot; page should match requierments" line="25">
<kw name="Begin Web Test" library="common" type="SETUP">
<kw name="Set Selenium Speed" library="SeleniumLibrary">
<arg>.5s</arg>
<doc>Sets the delay that is waited after each Selenium command.</doc>
<status status="PASS" starttime="20230206 19:10:56.139" endtime="20230206 19:10:56.139"/>
</kw>
<kw name="Set Selenium Timeout" library="SeleniumLibrary">
<arg>10s</arg>
<doc>Sets the timeout that is used by various keywords.</doc>
<status status="PASS" starttime="20230206 19:10:56.139" endtime="20230206 19:10:56.140"/>
</kw>
<kw name="Open Browser" library="SeleniumLibrary">
<arg>about:blank</arg>
<arg>${BROWSER}</arg>
<doc>Opens a new browser instance to the optional ``url``.</doc>
<msg timestamp="20230206 19:10:56.140" level="INFO">Opening browser 'chrome' to base url 'about:blank'.</msg>
<status status="PASS" starttime="20230206 19:10:56.140" endtime="20230206 19:10:57.662"/>
</kw>
<kw name="Maximize Browser Window" library="SeleniumLibrary">
<doc>Maximizes current browser window.</doc>
<status status="PASS" starttime="20230206 19:10:57.662" endtime="20230206 19:10:58.301"/>
</kw>
<status status="PASS" starttime="20230206 19:10:56.139" endtime="20230206 19:10:58.301"/>
</kw>
<kw name="Go To Home Page" library="officeApp">
<arg>${HOME_PAGE_URL}</arg>
<kw name="Load" library="HomePage">
<arg>${HOME_PAGE_URL}</arg>
<kw name="Go To" library="SeleniumLibrary">
<arg>${HOME_PAGE_URL}</arg>
<doc>Navigates the current browser window to the provided ``url``.</doc>
<msg timestamp="20230206 19:10:58.305" level="INFO">Opening url 'https://automationplayground.com/front-office/'</msg>
<status status="PASS" starttime="20230206 19:10:58.304" endtime="20230206 19:11:04.195"/>
</kw>
<status status="PASS" starttime="20230206 19:10:58.304" endtime="20230206 19:11:04.195"/>
</kw>
<kw name="Verify Page Loaded" library="HomePage">
<kw name="Wait Until Page Contains" library="SeleniumLibrary">
<arg>${HOME_PAGE_LABEL}</arg>
<doc>Waits until ``text`` appears on the current page.</doc>
<status status="PASS" starttime="20230206 19:11:04.196" endtime="20230206 19:11:04.726"/>
</kw>
<status status="PASS" starttime="20230206 19:11:04.196" endtime="20230206 19:11:04.727"/>
</kw>
<status status="PASS" starttime="20230206 19:10:58.303" endtime="20230206 19:11:04.727"/>
</kw>
<kw name="Go To Team Page" library="officeApp">
<kw name="Open Team" library="TopNav">
<kw name="Click Link" library="SeleniumLibrary">
<arg>${TEAM_LINK}</arg>
<doc>Clicks a link identified by ``locator``.</doc>
<msg timestamp="20230206 19:11:04.728" level="INFO">Clicking link 'Team'.</msg>
<status status="PASS" starttime="20230206 19:11:04.728" endtime="20230206 19:11:06.285"/>
</kw>
<kw name="Sleep" library="BuiltIn">
<arg>3s</arg>
<doc>Pauses the test executed for the given time.</doc>
<msg timestamp="20230206 19:11:09.299" level="INFO">Slept 3 seconds</msg>
<status status="PASS" starttime="20230206 19:11:06.285" endtime="20230206 19:11:09.299"/>
</kw>
<status status="PASS" starttime="20230206 19:11:04.728" endtime="20230206 19:11:09.299"/>
</kw>
<kw name="Verify Page Loaded" library="TeamPage">
<kw name="Wait Until Page Contains" library="SeleniumLibrary">
<arg>${TEAM_PAGE_LABEL}</arg>
<doc>Waits until ``text`` appears on the current page.</doc>
<status status="PASS" starttime="20230206 19:11:09.299" endtime="20230206 19:11:09.821"/>
</kw>
<status status="PASS" starttime="20230206 19:11:09.299" endtime="20230206 19:11:09.821"/>
</kw>
<status status="PASS" starttime="20230206 19:11:04.728" endtime="20230206 19:11:09.821"/>
</kw>
<kw name="End Web Test" library="common" type="TEARDOWN">
<kw name="Sleep" library="BuiltIn">
<arg>3s</arg>
<doc>Pauses the test executed for the given time.</doc>
<msg timestamp="20230206 19:11:12.835" level="INFO">Slept 3 seconds</msg>
<status status="PASS" starttime="20230206 19:11:09.824" endtime="20230206 19:11:12.835"/>
</kw>
<kw name="Close All Browsers" library="SeleniumLibrary">
<doc>Closes all open browsers and resets the browser cache.</doc>
<status status="PASS" starttime="20230206 19:11:12.835" endtime="20230206 19:11:15.409"/>
</kw>
<status status="PASS" starttime="20230206 19:11:09.823" endtime="20230206 19:11:15.409"/>
</kw>
<doc>This is test 3</doc>
<tag>test3</tag>
<status status="PASS" starttime="20230206 19:10:56.138" endtime="20230206 19:11:15.410"/>
</test>
<doc>Talk about what this suite of tests does</doc>
<status status="PASS" starttime="20230206 19:10:56.021" endtime="20230206 19:11:15.414"/>
</suite>
<statistics>
<total>
<stat pass="1" fail="0" skip="0">All Tests</stat>
</total>
<tag>
<stat pass="1" fail="0" skip="0">test3</stat>
</tag>
<suite>
<stat pass="1" fail="0" skip="0" id="s1" name="Office">Office</stat>
</suite>
</statistics>
<errors>
<msg timestamp="20230206 19:10:56.126" level="ERROR">Error in file 'C:\development\robot-scripts\scripting_challenge_test_suite\scripting_challenge_test_suite\Tests\office.robot' on line 6: Setting 'Test Setup' is not allowed in resource file.</msg>
<msg timestamp="20230206 19:10:56.128" level="ERROR">Error in file 'C:\development\robot-scripts\scripting_challenge_test_suite\scripting_challenge_test_suite\Tests\office.robot' on line 7: Setting 'Test Teardown' is not allowed in resource file.</msg>
<msg timestamp="20230206 19:10:56.129" level="ERROR">Error in file 'C:\development\robot-scripts\scripting_challenge_test_suite\scripting_challenge_test_suite\Resources\common.robot' on line 3: Error in file 'C:\development\robot-scripts\scripting_challenge_test_suite\scripting_challenge_test_suite\Tests\office.robot' on line 13: Resource file with 'Test Cases' section is invalid.</msg>
</errors>
</robot>
