<?xml version="1.0" encoding="UTF-8"?>
<robot generator="Robot 6.0.2 (Python 3.9.13 on win32)" generated="20230205 17:55:33.524" rpa="false" schemaversion="3">
<suite id="s1" name="Office" source="C:\development\robot-scripts\scripting_challenge_test_suite\scripting_challenge_test_suite\Tests\office.robot">
<test id="s1-t1" name="&quot;Team&quot; page should match requierments" line="25">
<kw name="Begin Web Test" library="common" type="SETUP">
<kw name="Set Selenium Speed" library="SeleniumLibrary">
<arg>.5s</arg>
<doc>Sets the delay that is waited after each Selenium command.</doc>
<status status="PASS" starttime="20230205 17:55:33.647" endtime="20230205 17:55:33.647"/>
</kw>
<kw name="Set Selenium Timeout" library="SeleniumLibrary">
<arg>10s</arg>
<doc>Sets the timeout that is used by various keywords.</doc>
<status status="PASS" starttime="20230205 17:55:33.647" endtime="20230205 17:55:33.647"/>
</kw>
<kw name="Open Browser" library="SeleniumLibrary">
<arg>about:blank</arg>
<arg>${BROWSER}</arg>
<doc>Opens a new browser instance to the optional ``url``.</doc>
<msg timestamp="20230205 17:55:33.647" level="INFO">Opening browser 'chrome' to base url 'about:blank'.</msg>
<status status="PASS" starttime="20230205 17:55:33.647" endtime="20230205 17:55:35.161"/>
</kw>
<kw name="Maximize Browser Window" library="SeleniumLibrary">
<doc>Maximizes current browser window.</doc>
<status status="PASS" starttime="20230205 17:55:35.161" endtime="20230205 17:55:35.796"/>
</kw>
<status status="PASS" starttime="20230205 17:55:33.646" endtime="20230205 17:55:35.796"/>
</kw>
<kw name="Go To Home Page" library="officeApp">
<arg>${HOME_PAGE_URL}</arg>
<kw name="Load" library="HomePage">
<arg>${HOME_PAGE_URL}</arg>
<kw name="Go To" library="SeleniumLibrary">
<arg>${HOME_PAGE_URL}</arg>
<doc>Navigates the current browser window to the provided ``url``.</doc>
<msg timestamp="20230205 17:55:35.799" level="INFO">Opening url 'https://automationplayground.com/front-office/'</msg>
<status status="PASS" starttime="20230205 17:55:35.799" endtime="20230205 17:55:41.709"/>
</kw>
<status status="PASS" starttime="20230205 17:55:35.798" endtime="20230205 17:55:41.709"/>
</kw>
<kw name="Verify Page Loaded" library="HomePage">
<kw name="Wait Until Page Contains" library="SeleniumLibrary">
<arg>${HOME_PAGE_LABEL}</arg>
<doc>Waits until ``text`` appears on the current page.</doc>
<status status="PASS" starttime="20230205 17:55:41.710" endtime="20230205 17:55:42.241"/>
</kw>
<status status="PASS" starttime="20230205 17:55:41.710" endtime="20230205 17:55:42.241"/>
</kw>
<status status="PASS" starttime="20230205 17:55:35.797" endtime="20230205 17:55:42.241"/>
</kw>
<kw name="Go To Team Page" library="officeApp">
<kw name="Open Team" library="TopNav">
<kw name="Click Link" library="SeleniumLibrary">
<arg>${TEAM_LINK}</arg>
<doc>Clicks a link identified by ``locator``.</doc>
<msg timestamp="20230205 17:55:42.244" level="INFO">Clicking link 'Team'.</msg>
<status status="PASS" starttime="20230205 17:55:42.243" endtime="20230205 17:55:43.805"/>
</kw>
<kw name="Sleep" library="BuiltIn">
<arg>3s</arg>
<doc>Pauses the test executed for the given time.</doc>
<msg timestamp="20230205 17:55:46.820" level="INFO">Slept 3 seconds</msg>
<status status="PASS" starttime="20230205 17:55:43.805" endtime="20230205 17:55:46.820"/>
</kw>
<status status="PASS" starttime="20230205 17:55:42.243" endtime="20230205 17:55:46.820"/>
</kw>
<kw name="Verify Page Loaded" library="TeamPage">
<kw name="Wait Until Page Contains" library="SeleniumLibrary">
<arg>${TEAM_PAGE_LABEL}</arg>
<doc>Waits until ``text`` appears on the current page.</doc>
<msg timestamp="20230205 17:55:57.633" level="INFO" html="true">&lt;/td&gt;&lt;/tr&gt;&lt;tr&gt;&lt;td colspan="3"&gt;&lt;a href="selenium-screenshot-5.png"&gt;&lt;img src="selenium-screenshot-5.png" width="800px"&gt;&lt;/a&gt;</msg>
<msg timestamp="20230205 17:55:57.633" level="FAIL">Text 'css=#team &gt; div &gt; div:nth-child(1) &gt; div &gt; h2' did not appear in 10 seconds.</msg>
<status status="FAIL" starttime="20230205 17:55:46.821" endtime="20230205 17:55:57.633"/>
</kw>
<status status="FAIL" starttime="20230205 17:55:46.821" endtime="20230205 17:55:57.634"/>
</kw>
<status status="FAIL" starttime="20230205 17:55:42.242" endtime="20230205 17:55:57.634"/>
</kw>
<kw name="Validate &quot;Team&quot; Page" library="officeApp">
<status status="NOT RUN" starttime="20230205 17:55:57.634" endtime="20230205 17:55:57.634"/>
</kw>
<kw name="End Web Test" library="common" type="TEARDOWN">
<kw name="Sleep" library="BuiltIn">
<arg>3s</arg>
<doc>Pauses the test executed for the given time.</doc>
<msg timestamp="20230205 17:56:00.647" level="INFO">Slept 3 seconds</msg>
<status status="PASS" starttime="20230205 17:55:57.636" endtime="20230205 17:56:00.647"/>
</kw>
<kw name="Close All Browsers" library="SeleniumLibrary">
<doc>Closes all open browsers and resets the browser cache.</doc>
<status status="PASS" starttime="20230205 17:56:00.647" endtime="20230205 17:56:03.242"/>
</kw>
<status status="PASS" starttime="20230205 17:55:57.635" endtime="20230205 17:56:03.242"/>
</kw>
<doc>This is test 3</doc>
<tag>test3</tag>
<status status="FAIL" starttime="20230205 17:55:33.646" endtime="20230205 17:56:03.243">Text 'css=#team &gt; div &gt; div:nth-child(1) &gt; div &gt; h2' did not appear in 10 seconds.</status>
</test>
<doc>Talk about what this suite of tests does</doc>
<status status="FAIL" starttime="20230205 17:55:33.525" endtime="20230205 17:56:03.247"/>
</suite>
<statistics>
<total>
<stat pass="0" fail="1" skip="0">All Tests</stat>
</total>
<tag>
<stat pass="0" fail="1" skip="0">test3</stat>
</tag>
<suite>
<stat pass="0" fail="1" skip="0" id="s1" name="Office">Office</stat>
</suite>
</statistics>
<errors>
<msg timestamp="20230205 17:55:33.635" level="ERROR">Error in file 'C:\development\robot-scripts\scripting_challenge_test_suite\scripting_challenge_test_suite\Tests\office.robot' on line 6: Setting 'Test Setup' is not allowed in resource file.</msg>
<msg timestamp="20230205 17:55:33.636" level="ERROR">Error in file 'C:\development\robot-scripts\scripting_challenge_test_suite\scripting_challenge_test_suite\Tests\office.robot' on line 7: Setting 'Test Teardown' is not allowed in resource file.</msg>
<msg timestamp="20230205 17:55:33.637" level="ERROR">Error in file 'C:\development\robot-scripts\scripting_challenge_test_suite\scripting_challenge_test_suite\Resources\common.robot' on line 3: Error in file 'C:\development\robot-scripts\scripting_challenge_test_suite\scripting_challenge_test_suite\Tests\office.robot' on line 13: Resource file with 'Test Cases' section is invalid.</msg>
</errors>
</robot>
